2025-05-05 18:40:11.888423: I tensorflow/core/platform/cpu_feature_guard.cc:193] This TensorFlow binary is optimized with oneAPI Deep Neural Network Library (oneDNN) to use the following CPU instructions in performance-critical operations:  AVX2 AVX512F FMA
To enable them in other operations, rebuild TensorFlow with the appropriate compiler flags.
2025-05-05 18:40:14.423149: W tensorflow/compiler/xla/stream_executor/platform/default/dso_loader.cc:64] Could not load dynamic library 'libnvinfer.so.7'; dlerror: libnvinfer.so.7: cannot open shared object file: No such file or directory; LD_LIBRARY_PATH: /packages/python3.10.10/lib:/usr/local/TensorRT-7.2.3.4#/targets/x86_64-linux-gnu/lib/:/usr/local/cuda-11.1/targets/x86_64-linux/lib
2025-05-05 18:40:14.423331: W tensorflow/compiler/xla/stream_executor/platform/default/dso_loader.cc:64] Could not load dynamic library 'libnvinfer_plugin.so.7'; dlerror: libnvinfer_plugin.so.7: cannot open shared object file: No such file or directory; LD_LIBRARY_PATH: /packages/python3.10.10/lib:/usr/local/TensorRT-7.2.3.4#/targets/x86_64-linux-gnu/lib/:/usr/local/cuda-11.1/targets/x86_64-linux/lib
2025-05-05 18:40:14.423358: W tensorflow/compiler/tf2tensorrt/utils/py_utils.cc:38] TF-TRT Warning: Cannot dlopen some TensorRT libraries. If you would like to use Nvidia GPU with TensorRT, please make sure the missing libraries mentioned above are installed properly.
2025-05-05 18:40:21.747402: I tensorflow/core/platform/cpu_feature_guard.cc:193] This TensorFlow binary is optimized with oneAPI Deep Neural Network Library (oneDNN) to use the following CPU instructions in performance-critical operations:  AVX2 AVX512F FMA
To enable them in other operations, rebuild TensorFlow with the appropriate compiler flags.
2025-05-05 18:40:22.272505: I tensorflow/core/common_runtime/gpu/gpu_device.cc:1613] Created device /job:localhost/replica:0/task:0/device:GPU:0 with 15436 MB memory:  -> device: 0, name: Quadro P5000, pci bus id: 0000:65:00.0, compute capability: 6.1
directory: ../data/1000g/CEU/neutral
directory: ../data/1000g/CEU/sel_01
directory: ../data/1000g/CEU/sel_025
directory: ../data/1000g/CEU/sel_05
directory: ../data/1000g/CEU/sel_10
num haps 198
Epoch 1/20
2025-05-05 18:40:26.268445: I tensorflow/compiler/xla/stream_executor/cuda/cuda_dnn.cc:428] Loaded cuDNN version 8801
2025-05-05 18:40:26.368852: I tensorflow/tsl/platform/default/subprocess.cc:304] Start cannot spawn child process: No such file or directory
2025-05-05 18:40:26.532288: I tensorflow/compiler/xla/service/service.cc:173] XLA service 0x56147aa52ab0 initialized for platform CUDA (this does not guarantee that XLA will be used). Devices:
2025-05-05 18:40:26.532356: I tensorflow/compiler/xla/service/service.cc:181]   StreamExecutor device (0): Quadro P5000, Compute Capability 6.1
2025-05-05 18:40:26.555597: I tensorflow/compiler/mlir/tensorflow/utils/dump_mlir_util.cc:268] disabling MLIR crash reproducer, set env var `MLIR_CRASH_REPRODUCER_DIRECTORY` to enable.
2025-05-05 18:40:26.679770: I tensorflow/tsl/platform/default/subprocess.cc:304] Start cannot spawn child process: No such file or directory
2025-05-05 18:40:26.745255: I tensorflow/compiler/jit/xla_compilation_cache.cc:477] Compiled cluster using XLA!  This line is logged at most once for the lifetime of the process.
200/200 - 152s - loss: 2.9774 - classifier_loss: 2.5682 - discriminator_loss: 0.4092 - classifier_accuracy: 0.8058 - discriminator_accuracy: 0.7919 - val_loss: 12.1951 - val_classifier_loss: 12.1939 - val_discriminator_loss: 0.0011 - val_classifier_accuracy: 0.0800 - val_discriminator_accuracy: 1.0000 - 152s/epoch - 758ms/step
Epoch 2/20
200/200 - 147s - loss: 1.3778 - classifier_loss: 0.9648 - discriminator_loss: 0.4130 - classifier_accuracy: 0.8044 - discriminator_accuracy: 0.8007 - val_loss: 4.4356 - val_classifier_loss: 3.0442 - val_discriminator_loss: 1.3914 - val_classifier_accuracy: 0.1200 - val_discriminator_accuracy: 0.0000e+00 - 147s/epoch - 734ms/step
Epoch 3/20
200/200 - 145s - loss: 0.8667 - classifier_loss: 0.4350 - discriminator_loss: 0.4317 - classifier_accuracy: 0.8233 - discriminator_accuracy: 0.7866 - val_loss: 3.0551 - val_classifier_loss: 2.5838 - val_discriminator_loss: 0.4713 - val_classifier_accuracy: 0.1200 - val_discriminator_accuracy: 0.8800 - 145s/epoch - 723ms/step
Epoch 4/20
200/200 - 145s - loss: 0.8616 - classifier_loss: 0.3953 - discriminator_loss: 0.4663 - classifier_accuracy: 0.8406 - discriminator_accuracy: 0.7544 - val_loss: 2.8467 - val_classifier_loss: 1.9253 - val_discriminator_loss: 0.9214 - val_classifier_accuracy: 0.3200 - val_discriminator_accuracy: 0.2200 - 145s/epoch - 725ms/step
Epoch 5/20
200/200 - 145s - loss: 0.8795 - classifier_loss: 0.4090 - discriminator_loss: 0.4705 - classifier_accuracy: 0.8365 - discriminator_accuracy: 0.7672 - val_loss: 4.0415 - val_classifier_loss: 4.0414 - val_discriminator_loss: 1.4788e-04 - val_classifier_accuracy: 0.1200 - val_discriminator_accuracy: 1.0000 - 145s/epoch - 725ms/step
Epoch 6/20
200/200 - 145s - loss: 0.8496 - classifier_loss: 0.3839 - discriminator_loss: 0.4657 - classifier_accuracy: 0.8462 - discriminator_accuracy: 0.7502 - val_loss: 3.3798 - val_classifier_loss: 2.7593 - val_discriminator_loss: 0.6205 - val_classifier_accuracy: 0.2800 - val_discriminator_accuracy: 0.4800 - 145s/epoch - 724ms/step
Epoch 7/20
200/200 - 145s - loss: 0.8210 - classifier_loss: 0.3709 - discriminator_loss: 0.4502 - classifier_accuracy: 0.8533 - discriminator_accuracy: 0.7627 - val_loss: 2.4172 - val_classifier_loss: 1.9404 - val_discriminator_loss: 0.4768 - val_classifier_accuracy: 0.4000 - val_discriminator_accuracy: 0.8200 - 145s/epoch - 724ms/step
Epoch 8/20
200/200 - 145s - loss: 0.8379 - classifier_loss: 0.3795 - discriminator_loss: 0.4584 - classifier_accuracy: 0.8477 - discriminator_accuracy: 0.7477 - val_loss: 2.2930 - val_classifier_loss: 1.9818 - val_discriminator_loss: 0.3111 - val_classifier_accuracy: 0.4400 - val_discriminator_accuracy: 0.9600 - 145s/epoch - 723ms/step
Epoch 9/20
200/200 - 146s - loss: 0.9020 - classifier_loss: 0.4177 - discriminator_loss: 0.4842 - classifier_accuracy: 0.8042 - discriminator_accuracy: 0.7455 - val_loss: 0.5196 - val_classifier_loss: 0.4987 - val_discriminator_loss: 0.0209 - val_classifier_accuracy: 1.0000 - val_discriminator_accuracy: 1.0000 - 146s/epoch - 728ms/step
Epoch 10/20
200/200 - 145s - loss: 1.2144 - classifier_loss: 0.6156 - discriminator_loss: 0.5987 - classifier_accuracy: 0.6902 - discriminator_accuracy: 0.6676 - val_loss: 1.0993 - val_classifier_loss: 0.7547 - val_discriminator_loss: 0.3446 - val_classifier_accuracy: 0.3400 - val_discriminator_accuracy: 0.9800 - 145s/epoch - 723ms/step
Epoch 11/20
200/200 - 145s - loss: 1.1974 - classifier_loss: 0.5578 - discriminator_loss: 0.6396 - classifier_accuracy: 0.7848 - discriminator_accuracy: 0.6270 - val_loss: 1.5476 - val_classifier_loss: 0.9905 - val_discriminator_loss: 0.5571 - val_classifier_accuracy: 0.2400 - val_discriminator_accuracy: 0.9000 - 145s/epoch - 724ms/step
Epoch 12/20
200/200 - 145s - loss: 1.1195 - classifier_loss: 0.5084 - discriminator_loss: 0.6111 - classifier_accuracy: 0.7906 - discriminator_accuracy: 0.6643 - val_loss: 1.6377 - val_classifier_loss: 1.0884 - val_discriminator_loss: 0.5493 - val_classifier_accuracy: 0.3400 - val_discriminator_accuracy: 0.8600 - 145s/epoch - 724ms/step
Epoch 13/20
200/200 - 145s - loss: 1.1081 - classifier_loss: 0.4939 - discriminator_loss: 0.6142 - classifier_accuracy: 0.7917 - discriminator_accuracy: 0.6593 - val_loss: 1.8110 - val_classifier_loss: 1.3006 - val_discriminator_loss: 0.5104 - val_classifier_accuracy: 0.3000 - val_discriminator_accuracy: 0.9400 - 145s/epoch - 724ms/step
Epoch 14/20
200/200 - 144s - loss: 1.0887 - classifier_loss: 0.4820 - discriminator_loss: 0.6067 - classifier_accuracy: 0.7983 - discriminator_accuracy: 0.6665 - val_loss: 2.0321 - val_classifier_loss: 1.3282 - val_discriminator_loss: 0.7038 - val_classifier_accuracy: 0.4000 - val_discriminator_accuracy: 0.7200 - 144s/epoch - 722ms/step
Epoch 15/20
200/200 - 144s - loss: 1.0689 - classifier_loss: 0.4687 - discriminator_loss: 0.6002 - classifier_accuracy: 0.8056 - discriminator_accuracy: 0.6704 - val_loss: 2.0867 - val_classifier_loss: 1.6029 - val_discriminator_loss: 0.4837 - val_classifier_accuracy: 0.2800 - val_discriminator_accuracy: 0.9400 - 144s/epoch - 721ms/step
Epoch 16/20
200/200 - 146s - loss: 1.0537 - classifier_loss: 0.4580 - discriminator_loss: 0.5957 - classifier_accuracy: 0.8104 - discriminator_accuracy: 0.6746 - val_loss: 2.1381 - val_classifier_loss: 1.4865 - val_discriminator_loss: 0.6516 - val_classifier_accuracy: 0.4200 - val_discriminator_accuracy: 0.7800 - 146s/epoch - 728ms/step
Epoch 17/20
200/200 - 144s - loss: 1.0451 - classifier_loss: 0.4496 - discriminator_loss: 0.5955 - classifier_accuracy: 0.8115 - discriminator_accuracy: 0.6683 - val_loss: 2.1700 - val_classifier_loss: 1.6069 - val_discriminator_loss: 0.5631 - val_classifier_accuracy: 0.2600 - val_discriminator_accuracy: 0.9400 - 144s/epoch - 722ms/step
Epoch 18/20
200/200 - 145s - loss: 1.0460 - classifier_loss: 0.4521 - discriminator_loss: 0.5939 - classifier_accuracy: 0.8085 - discriminator_accuracy: 0.6764 - val_loss: 2.6794 - val_classifier_loss: 2.1996 - val_discriminator_loss: 0.4798 - val_classifier_accuracy: 0.1200 - val_discriminator_accuracy: 0.9600 - 145s/epoch - 724ms/step
Epoch 19/20
200/200 - 145s - loss: 1.0388 - classifier_loss: 0.4487 - discriminator_loss: 0.5901 - classifier_accuracy: 0.8104 - discriminator_accuracy: 0.6835 - val_loss: 2.1977 - val_classifier_loss: 1.7123 - val_discriminator_loss: 0.4854 - val_classifier_accuracy: 0.3200 - val_discriminator_accuracy: 0.8400 - 145s/epoch - 725ms/step
Epoch 20/20
200/200 - 145s - loss: 0.9914 - classifier_loss: 0.4272 - discriminator_loss: 0.5642 - classifier_accuracy: 0.8237 - discriminator_accuracy: 0.7045 - val_loss: 2.3602 - val_classifier_loss: 1.9614 - val_discriminator_loss: 0.3988 - val_classifier_accuracy: 0.3800 - val_discriminator_accuracy: 0.9600 - 145s/epoch - 726ms/step
Constructor
Epoch 1/10
200/200 - 147s - loss: -2.5613e+07 - accuracy: 0.2495 - val_loss: 0.0000e+00 - val_accuracy: 1.0000 - 147s/epoch - 735ms/step
Epoch 2/10
200/200 - 145s - loss: -3.7233e+09 - accuracy: 0.2500 - val_loss: 0.0000e+00 - val_accuracy: 1.0000 - 145s/epoch - 724ms/step
Epoch 3/10
200/200 - 144s - loss: -5.2932e+10 - accuracy: 0.2500 - val_loss: 0.0000e+00 - val_accuracy: 1.0000 - 144s/epoch - 720ms/step
Epoch 4/10
200/200 - 145s - loss: -3.0591e+11 - accuracy: 0.2500 - val_loss: 0.0000e+00 - val_accuracy: 1.0000 - 145s/epoch - 727ms/step
Epoch 5/10
200/200 - 144s - loss: -1.0572e+12 - accuracy: 0.2500 - val_loss: 0.0000e+00 - val_accuracy: 1.0000 - 144s/epoch - 719ms/step
Epoch 6/10
200/200 - 145s - loss: -2.7957e+12 - accuracy: 0.2500 - val_loss: 0.0000e+00 - val_accuracy: 1.0000 - 145s/epoch - 726ms/step
Epoch 7/10
200/200 - 144s - loss: -6.1864e+12 - accuracy: 0.2500 - val_loss: 0.0000e+00 - val_accuracy: 1.0000 - 144s/epoch - 722ms/step
Epoch 8/10
200/200 - 144s - loss: -1.1982e+13 - accuracy: 0.2500 - val_loss: 0.0000e+00 - val_accuracy: 1.0000 - 144s/epoch - 721ms/step
Epoch 9/10
200/200 - 145s - loss: -2.1149e+13 - accuracy: 0.2500 - val_loss: 0.0000e+00 - val_accuracy: 1.0000 - 145s/epoch - 723ms/step
Epoch 10/10
200/200 - 145s - loss: -3.4650e+13 - accuracy: 0.2500 - val_loss: 0.0000e+00 - val_accuracy: 1.0000 - 145s/epoch - 723ms/step
